<?xml version="1.0" encoding="UTF-8"?>
<!-- Generated by org.testng.reporters.JUnitXMLReporter -->
<testsuite ignored="0" hostname="Guru-PC" failures="0" tests="5" name="home" time="50.981" errors="0" timestamp="08 Nov 2022 06:44:29 GMT">
  <testcase classname="com.training.tests.LoginTest" name="TC01navigateToSFDC" time="0.56"/>
  <testcase classname="com.training.tests.LoginTest" name="TC02loginIntoSalesforce" time="3.084"/>
  <testcase classname="com.training.tests.LoginTest" name="TC03checkRememberMe" time="13.13"/>
  <testcase classname="com.training.tests.LoginTest" name="TC04AforgetPassword" time="1.37"/>
  <testcase classname="com.training.tests.LoginTest" name="TC04BforgetPassword" time="0.518"/>
</testsuite> <!-- home -->
