<?xml version="1.0" encoding="UTF-8"?>
<!-- Generated by org.testng.reporters.JUnitXMLReporter -->
<testsuite ignored="0" hostname="Guru-PC" failures="0" tests="5" name="login" time="88.079" errors="0" timestamp="29 Nov 2022 22:02:29 GMT">
  <testcase classname="com.training.tests.LoginTest" name="TC01navigateToSFDC" time="4.78"/>
  <testcase classname="com.training.tests.LoginTest" name="TC02loginIntoSalesforce" time="8.638"/>
  <testcase classname="com.training.tests.LoginTest" name="TC03checkRememberMe" time="20.054"/>
  <testcase classname="com.training.tests.LoginTest" name="TC04AforgetPassword" time="0.84"/>
  <testcase classname="com.training.tests.LoginTest" name="TC04BforgetPassword" time="0.554"/>
</testsuite> <!-- login -->
