<?xml version="1.0" encoding="UTF-8"?>
<!-- Generated by org.testng.reporters.JUnitXMLReporter -->
<testsuite ignored="4" hostname="Guru-PC" failures="0" tests="1" name="Default test" time="56.395" errors="0" timestamp="05 Dec 2022 20:00:35 GMT">
  <testcase classname="com.training.tests.OpportunitiesTest" name="TC16CreateNewOpportunity" time="37.556"/>
  <testcase classname="com.training.tests.OpportunitiesTest" name="TC17OpportyPipelineReport" time="0.0">
    <ignored/>
  </testcase> <!-- TC17OpportyPipelineReport -->
  <testcase classname="com.training.tests.OpportunitiesTest" name="TC15OpportunitesDropdown" time="0.0">
    <ignored/>
  </testcase> <!-- TC15OpportunitesDropdown -->
  <testcase classname="com.training.tests.OpportunitiesTest" name="TC18StuckOpportunity" time="0.0">
    <ignored/>
  </testcase> <!-- TC18StuckOpportunity -->
  <testcase classname="com.training.tests.OpportunitiesTest" name="TC19TestQuartlySummaryReport" time="0.0">
    <ignored/>
  </testcase> <!-- TC19TestQuartlySummaryReport -->
</testsuite> <!-- Default test -->
