<?xml version="1.0" encoding="UTF-8"?>
<testng-results ignored="4" total="5" passed="1" failed="0" skipped="0">
  <reporter-output>
  </reporter-output>
  <suite started-at="2022-12-05T19:59:39Z" name="Default suite" finished-at="2022-12-05T20:00:35Z" duration-ms="56395">
    <groups>
    </groups>
    <test started-at="2022-12-05T19:59:39Z" name="Default test" finished-at="2022-12-05T20:00:35Z" duration-ms="56395">
      <class name="com.training.tests.OpportunitiesTest">
        <test-method is-config="true" signature="beforeMethod()[pri:0, instance:com.training.tests.OpportunitiesTest@35841320]" started-at="2022-12-05T19:59:39Z" name="beforeMethod" finished-at="2022-12-05T19:59:57Z" duration-ms="17505" status="PASS">
          <reporter-output>
          </reporter-output>
        </test-method> <!-- beforeMethod -->
        <test-method signature="TC16CreateNewOpportunity()[pri:0, instance:com.training.tests.OpportunitiesTest@35841320]" started-at="2022-12-05T19:59:57Z" name="TC16CreateNewOpportunity" finished-at="2022-12-05T20:00:34Z" duration-ms="37556" status="PASS">
          <reporter-output>
          </reporter-output>
        </test-method> <!-- TC16CreateNewOpportunity -->
        <test-method is-config="true" signature="teardown()[pri:0, instance:com.training.tests.OpportunitiesTest@35841320]" started-at="2022-12-05T20:00:34Z" name="teardown" finished-at="2022-12-05T20:00:35Z" duration-ms="1300" status="PASS">
          <reporter-output>
          </reporter-output>
        </test-method> <!-- teardown -->
      </class> <!-- com.training.tests.OpportunitiesTest -->
    </test> <!-- Default test -->
  </suite> <!-- Default suite -->
</testng-results>
